<component name="libraryTable">
  <library name="junit-platform">
    <CLASSES>
      <root url="jar://$USER_HOME$/.jdks/junit_platform/junit-platform-runner-1.9.0-M1.jar!/" />
      <root url="jar://$USER_HOME$/.jdks/junit_platform/junit-platform-commons-1.8.2.jar!/" />
      <root url="jar://$USER_HOME$/.jdks/junit_platform/junit-platform-launcher-1.9.0-M1.jar!/" />
      <root url="jar://$USER_HOME$/.jdks/junit_platform/junit-platform-suite-api-1.9.0-M1.jar!/" />
      <root url="jar://$USER_HOME$/.jdks/junit_platform/junit-platform-engine-1.9.0-M1.jar!/" />
      <root url="jar://$USER_HOME$/.jdks/junit_platform/junit-platform-suite-commons-1.9.0-M1.jar!/" />
    </CLASSES>
    <JAVADOC />
    <SOURCES />
  </library>
</component>