<component name="libraryTable">
  <library name="junit-jupiter">
    <CLASSES>
      <root url="jar://$USER_HOME$/.jdks/junit_jupiter/junit-jupiter-5.9.0-M1.jar!/" />
      <root url="jar://$USER_HOME$/.jdks/junit_jupiter/junit-jupiter-api-5.9.0-M1.jar!/" />
      <root url="jar://$USER_HOME$/.jdks/junit_jupiter/junit-jupiter-engine-5.9.0-M1.jar!/" />
      <root url="jar://$USER_HOME$/.jdks/junit_jupiter/junit-jupiter-migrationsupport-5.9.0-M1.jar!/" />
      <root url="jar://$USER_HOME$/.jdks/junit_jupiter/junit-jupiter-params-5.9.0-M1.jar!/" />
    </CLASSES>
    <JAVADOC />
    <SOURCES />
  </library>
</component>